Arguments: 
  /usr/local/Cellar/node/10.11.0/bin/node /usr/local/Cellar/yarn/1.10.1/libexec/bin/yarn.js

PATH: 
  /Users/nathanielalba/.fastlane/bin:/Users/nathanielalba/.yarn/bin:/Users/nathanielalba/Library/Python/3.4/bin:/usr/local/bin:/usr/bin:/bin:/usr/sbin:/sbin:/usr/local/go/bin:/Users/nathanielalba/Library/Android/sdk/tools:/Users/nathanielalba/Library/Android/sdk/platform-tools

Yarn version: 
  1.10.1

Node version: 
  10.11.0

Platform: 
  darwin x64

Trace: 
  SyntaxError: /Users/nathanielalba/Documents/Work/opty-web/package.json: Unexpected token # in JSON at position 0
      at JSON.parse (<anonymous>)
      at /usr/local/Cellar/yarn/1.10.1/libexec/lib/cli.js:1136:59
      at Generator.next (<anonymous>)
      at step (/usr/local/Cellar/yarn/1.10.1/libexec/lib/cli.js:98:30)
      at /usr/local/Cellar/yarn/1.10.1/libexec/lib/cli.js:109:13

npm manifest: 
  # Opty Web
  
  ### installation
  first, install local dependencies
  ```
  git clone https://github.com/thechgrp/opty-web.git && cd opty-web
  npm install
  ```
  yarn:
  ```
  yarn
  ```
  
  then, go ahead and make sure to install pm2
  ***note***: this is already setup on opty-web-1
  ```
  npm install -g pm2@latest
  ```
  yarn:
  ```
  yarn global add pm2@latest
  ```
  
  ### running
  after everything has been installed, run the following command to let pm2 take over everything
  ```
  pm2 start server.js
  ```
  this will start a process and manage it for you.
  
  by default the server runs on port :3000
  
  ***NOTE***: the server's name on pm2 is 'server'
  
  ### using pm2
  to get logs that the server will spit out, run this to get them
  
  ```
  pm2 logs server
  ```
  
  if you ever have to update the files themselves, run this to reload without 0 downtime
  
  ```
  pm2 reload all
  ```
  
  ### modules and file structure
  under the hood, serve is running the static site.
  
  ```
  opty-web
  |     server.js -- serve main file
  | --- src
  |     |     index.html
  |     |     terms.hmtl
  |     |     privacy.hmtl
  | --- lib
  |     |     options.js -- houses all options used for serve
  ```

yarn manifest: 
  No manifest

Lockfile: 
  # THIS IS AN AUTOGENERATED FILE. DO NOT EDIT THIS FILE DIRECTLY.
  # yarn lockfile v1
  
  
  balanced-match@^1.0.0:
    version "1.0.0"
    resolved "https://registry.yarnpkg.com/balanced-match/-/balanced-match-1.0.0.tgz#89b4d199ab2bee49de164ea02b89ce462d71b767"
    integrity sha1-ibTRmasr7kneFk6gK4nORi1xt2c=
  
  brace-expansion@^1.1.7:
    version "1.1.11"
    resolved "https://registry.yarnpkg.com/brace-expansion/-/brace-expansion-1.1.11.tgz#3c7fcbf529d87226f3d2f52b966ff5271eb441dd"
    integrity sha512-iCuPHDFgrHX7H2vEI/5xpz07zSHB00TpugqhmYtVmMO6518mCuRMoOYFldEBl0g187ufozdaHgWKcYFb61qGiA==
    dependencies:
      balanced-match "^1.0.0"
      concat-map "0.0.1"
  
  bytes@3.0.0:
    version "3.0.0"
    resolved "https://registry.yarnpkg.com/bytes/-/bytes-3.0.0.tgz#d32815404d689699f85a4ea4fa8755dd13a96048"
    integrity sha1-0ygVQE1olpn4Wk6k+odV3ROpYEg=
  
  concat-map@0.0.1:
    version "0.0.1"
    resolved "https://registry.yarnpkg.com/concat-map/-/concat-map-0.0.1.tgz#d8a96bd77fd68df7793a73036a3ba0d5405d477b"
    integrity sha1-2Klr13/Wjfd5OnMDajug1UBdR3s=
  
  content-disposition@0.5.2:
    version "0.5.2"
    resolved "https://registry.yarnpkg.com/content-disposition/-/content-disposition-0.5.2.tgz#0cf68bb9ddf5f2be7961c3a85178cb85dba78cb4"
    integrity sha1-DPaLud318r55YcOoUXjLhdunjLQ=
  
  fast-url-parser@1.1.3:
    version "1.1.3"
    resolved "https://registry.yarnpkg.com/fast-url-parser/-/fast-url-parser-1.1.3.tgz#f4af3ea9f34d8a271cf58ad2b3759f431f0b318d"
    integrity sha1-9K8+qfNNiicc9YrSs3WfQx8LMY0=
    dependencies:
      punycode "^1.3.2"
  
  mime-db@~1.33.0:
    version "1.33.0"
    resolved "https://registry.yarnpkg.com/mime-db/-/mime-db-1.33.0.tgz#a3492050a5cb9b63450541e39d9788d2272783db"
    integrity sha512-BHJ/EKruNIqJf/QahvxwQZXKygOQ256myeN/Ew+THcAa5q+PjyTTMMeNQC4DZw5AwfvelsUrA6B67NKMqXDbzQ==
  
  mime-types@2.1.18:
    version "2.1.18"
    resolved "https://registry.yarnpkg.com/mime-types/-/mime-types-2.1.18.tgz#6f323f60a83d11146f831ff11fd66e2fe5503bb8"
    integrity sha512-lc/aahn+t4/SWV/qcmumYjymLsWfN3ELhpmVuUFjgsORruuZPVSwAQryq+HHGvO/SI2KVX26bx+En+zhM8g8hQ==
    dependencies:
      mime-db "~1.33.0"
  
  minimatch@3.0.4:
    version "3.0.4"
    resolved "https://registry.yarnpkg.com/minimatch/-/minimatch-3.0.4.tgz#5166e286457f03306064be5497e8dbb0c3d32083"
    integrity sha512-yJHVQEhyqPLUTgt9B83PXu6W3rx4MvvHvSUvToogpwoGDOUQ+yDrR0HRot+yOCdCO7u4hX3pWft6kWBBcqh0UA==
    dependencies:
      brace-expansion "^1.1.7"
  
  path-is-inside@1.0.2:
    version "1.0.2"
    resolved "https://registry.yarnpkg.com/path-is-inside/-/path-is-inside-1.0.2.tgz#365417dede44430d1c11af61027facf074bdfc53"
    integrity sha1-NlQX3t5EQw0cEa9hAn+s8HS9/FM=
  
  path-to-regexp@2.2.1:
    version "2.2.1"
    resolved "https://registry.yarnpkg.com/path-to-regexp/-/path-to-regexp-2.2.1.tgz#90b617025a16381a879bc82a38d4e8bdeb2bcf45"
    integrity sha512-gu9bD6Ta5bwGrrU8muHzVOBFFREpp2iRkVfhBJahwJ6p6Xw20SjT0MxLnwkjOibQmGSYhiUnf2FLe7k+jcFmGQ==
  
  punycode@^1.3.2:
    version "1.4.1"
    resolved "https://registry.yarnpkg.com/punycode/-/punycode-1.4.1.tgz#c0d5a63b2718800ad8e1eb0fa5269c84dd41845e"
    integrity sha1-wNWmOycYgArY4esPpSachN1BhF4=
  
  range-parser@1.2.0:
    version "1.2.0"
    resolved "https://registry.yarnpkg.com/range-parser/-/range-parser-1.2.0.tgz#f49be6b487894ddc40dcc94a322f611092e00d5e"
    integrity sha1-9JvmtIeJTdxA3MlKMi9hEJLgDV4=
  
  serve-handler@^5.0.5:
    version "5.0.5"
    resolved "https://registry.yarnpkg.com/serve-handler/-/serve-handler-5.0.5.tgz#58707d2d5e3774098433469d7f51151ccb9a5d05"
    integrity sha512-x6XhHML8NrGN/F+jJ1r3lYk8XI+zg1JxJz101yXQ7/3PXV0eChzIrjIEV92Ir6mQp97xz1uw8L5l7Mq9kvhh0Q==
    dependencies:
      bytes "3.0.0"
      content-disposition "0.5.2"
      fast-url-parser "1.1.3"
      mime-types "2.1.18"
      minimatch "3.0.4"
      path-is-inside "1.0.2"
      path-to-regexp "2.2.1"
      range-parser "1.2.0"
